"Start of log file."
"C:/Users/Fernando/DOCUME~1/GitHub/Space-Game/Assets/Astronaut/3D/Models/Props/Gate.max"
"Starting max loading and fbx conversion"
window = undefined
"Settings units"
"Before fbx export"
"After fbx export"
"Finished max loading and fbx conversion"
"C:/Users/Fernando/DOCUME~1/GitHub/Space-Game/Assets/Astronaut/3D/Models/Props/Gate.max"
"Starting max loading and fbx conversion"
window = undefined
"Settings units"
"Before fbx export"
"After fbx export"
"Finished max loading and fbx conversion"
"C:/Users/Fernando/DOCUME~1/GitHub/Space-Game/Assets/Astronaut/3D/Models/Aliens/Models/Gimp_at_Rest.max"
"Starting max loading and fbx conversion"
window = undefined
"Settings units"
"Before fbx export"
"After fbx export"
"Finished max loading and fbx conversion"
"C:/Users/Fernando/DOCUME~1/GitHub/Space-Game/Assets/Astronaut/3D/Models/Aliens/Models/Gate.max"
"Starting max loading and fbx conversion"
window = undefined
"Settings units"
"Before fbx export"
"After fbx export"
"Finished max loading and fbx conversion"
"C:/Users/Fernando/DOCUME~1/GitHub/Space-Game/Assets/Astronaut/3D/Models/Aliens/Models/Gimp_at_Rest.max"
"Starting max loading and fbx conversion"
window = undefined
"Settings units"
"Before fbx export"
"After fbx export"
"Finished max loading and fbx conversion"
"C:/Users/Fernando/DOCUME~1/GitHub/Space-Game/Assets/Astronaut/3D/Models/Aliens/Models/Gimp_at_Rest.max"
"Starting max loading and fbx conversion"
window = undefined
"Settings units"
"Before fbx export"
"After fbx export"
"Finished max loading and fbx conversion"
